<?xml version="1.0" encoding="UTF-8"?>
<!-- Generated by org.testng.reporters.JUnitReportReporter -->
<testsuite skipped="0" hostname="HP" name="Com.actitime.testscripts.CreateCustomerTest" tests="2" failures="0" timestamp="30 Apr 2020 09:22:08 GMT" time="75.259" errors="0">
  <testcase name="createCustomerWithNameAndDescription" time="48.163" classname="Com.actitime.testscripts.CreateCustomerTest"/>
  <testcase name="createcustmer" time="27.096" classname="Com.actitime.testscripts.CreateCustomerTest"/>
</testsuite> <!-- Com.actitime.testscripts.CreateCustomerTest -->
